2021-03-18 20:33:16.803 [main] INFO  cn.zhangr.eduservice.EduApplication - Starting EduApplication on LAPTOP-GC98KRKF with PID 13524 (started by 11 in D:\编程学习\guli_parent)
2021-03-18 20:33:16.808 [main] INFO  cn.zhangr.eduservice.EduApplication - The following profiles are active: dev
2021-03-18 20:33:17.484 [main] INFO  o.s.d.r.config.RepositoryConfigurationDelegate - Multiple Spring Data modules found, entering strict repository configuration mode!
2021-03-18 20:33:17.485 [main] INFO  o.s.d.r.config.RepositoryConfigurationDelegate - Bootstrapping Spring Data repositories in DEFAULT mode.
2021-03-18 20:33:17.501 [main] INFO  o.s.d.r.config.RepositoryConfigurationDelegate - Finished Spring Data repository scanning in 6ms. Found 0 repository interfaces.
2021-03-18 20:33:17.694 [main] INFO  o.s.c.s.PostProcessorRegistrationDelegate$BeanPostProcessorChecker - Bean 'org.springframework.transaction.annotation.ProxyTransactionManagementConfiguration' of type [org.springframework.transaction.annotation.ProxyTransactionManagementConfiguration] is not eligible for getting processed by all BeanPostProcessors (for example: not eligible for auto-proxying)
2021-03-18 20:33:17.882 [main] INFO  o.s.boot.web.embedded.tomcat.TomcatWebServer - Tomcat initialized with port(s): 8001 (http)
2021-03-18 20:33:17.890 [main] INFO  org.apache.coyote.http11.Http11NioProtocol - Initializing ProtocolHandler ["http-nio-8001"]
2021-03-18 20:33:17.894 [main] INFO  org.apache.catalina.core.StandardService - Starting service [Tomcat]
2021-03-18 20:33:17.894 [main] INFO  org.apache.catalina.core.StandardEngine - Starting Servlet engine: [Apache Tomcat/9.0.27]
2021-03-18 20:33:17.972 [main] INFO  o.a.c.core.ContainerBase.[Tomcat].[localhost].[/] - Initializing Spring embedded WebApplicationContext
2021-03-18 20:33:17.972 [main] INFO  org.springframework.web.context.ContextLoader - Root WebApplicationContext: initialization completed in 1129 ms
2021-03-18 20:33:18.118 [main] INFO  com.zaxxer.hikari.HikariDataSource - HikariPool-1 - Starting...
2021-03-18 20:33:18.436 [main] INFO  com.zaxxer.hikari.HikariDataSource - HikariPool-1 - Start completed.
2021-03-18 20:33:18.805 [main] INFO  s.d.s.w.PropertySourcedRequestMappingHandlerMapping - Mapped URL path [/v2/api-docs] onto method [springfox.documentation.swagger2.web.Swagger2Controller#getDocumentation(String, HttpServletRequest)]
2021-03-18 20:33:18.881 [main] INFO  o.s.scheduling.concurrent.ThreadPoolTaskExecutor - Initializing ExecutorService 'applicationTaskExecutor'
2021-03-18 20:33:19.401 [main] INFO  s.d.s.web.plugins.DocumentationPluginsBootstrapper - Context refreshed
2021-03-18 20:33:19.433 [main] INFO  s.d.s.web.plugins.DocumentationPluginsBootstrapper - Found 1 custom documentation plugin(s)
2021-03-18 20:33:19.501 [main] INFO  s.d.spring.web.scanners.ApiListingReferenceScanner - Scanning for api listing references
2021-03-18 20:33:19.871 [main] INFO  org.apache.coyote.http11.Http11NioProtocol - Starting ProtocolHandler ["http-nio-8001"]
2021-03-18 20:33:19.945 [main] INFO  o.s.boot.web.embedded.tomcat.TomcatWebServer - Tomcat started on port(s): 8001 (http) with context path ''
2021-03-18 20:33:19.950 [main] INFO  cn.zhangr.eduservice.EduApplication - Started EduApplication in 3.83 seconds (JVM running for 4.943)
